Copyright 1986-2019 Xilinx, Inc. All Rights Reserved.
------------------------------------------------------------------------------------
| Tool Version : Vivado v.2019.2 (win64) Build 2708876 Wed Nov  6 21:40:23 MST 2019
| Date         : Mon May 25 03:03:02 2020
| Host         : Peter-XPS running 64-bit major release  (build 9200)
| Command      : upgrade_ip
| Device       : xc7z020clg400-1
------------------------------------------------------------------------------------

Upgrade Log for IP 'main_conv_accel_0_2'

1. Summary
----------

CAUTION (success, with warnings) in the upgrade of main_conv_accel_0_2 (peteryuen:fl:conv_accel:1.0) from (Rev. 3) to (Rev. 4)

2. Interface Information
------------------------

Detected external interface differences while upgrading 'main_conv_accel_0_2'.


-Upgrade has removed interface 'rstn'

-Upgrade has added interface 'aresetn' (xilinx.com:signal:reset:1.0)







Copyright 1986-2019 Xilinx, Inc. All Rights Reserved.
------------------------------------------------------------------------------------
| Tool Version : Vivado v.2019.2 (win64) Build 2708876 Wed Nov  6 21:40:23 MST 2019
| Date         : Sun May 24 05:14:20 2020
| Host         : Peter-XPS running 64-bit major release  (build 9200)
| Command      : upgrade_ip
| Device       : xc7z020clg400-1
------------------------------------------------------------------------------------

Upgrade Log for IP 'main_conv_accel_0_2'

1. Summary
----------

SUCCESS in the upgrade of main_conv_accel_0_2 (peteryuen:fl:conv_accel:1.0) from (Rev. 2) to (Rev. 3)






Copyright 1986-2019 Xilinx, Inc. All Rights Reserved.
------------------------------------------------------------------------------------
| Tool Version : Vivado v.2019.2 (win64) Build 2708876 Wed Nov  6 21:40:23 MST 2019
| Date         : Sat May 23 22:05:46 2020
| Host         : Peter-XPS running 64-bit major release  (build 9200)
| Command      : upgrade_ip
| Device       : xc7z020clg400-1
------------------------------------------------------------------------------------

Upgrade Log for IP 'main_conv_accel_0_2'

1. Summary
----------

SUCCESS in the conversion of main_conv_accel_0_2 (peteryuen:fl:conv_accel:1.0 (Rev. 2)) to Vivado generation flows.






Copyright 1986-2019 Xilinx, Inc. All Rights Reserved.
------------------------------------------------------------------------------------
| Tool Version : Vivado v.2019.2 (win64) Build 2708876 Wed Nov  6 21:40:23 MST 2019
| Date         : Sat May 23 22:04:51 2020
| Host         : Peter-XPS running 64-bit major release  (build 9200)
| Command      : upgrade_ip
| Device       : xc7z020clg400-1
------------------------------------------------------------------------------------

Upgrade Log for IP 'main_conv_accel_0_2'

1. Summary
----------

SUCCESS in the conversion of main_conv_accel_0_2 (peteryuen:fl:conv_accel:1.0 (Rev. 2)) to Vivado generation flows.






Copyright 1986-2019 Xilinx, Inc. All Rights Reserved.
------------------------------------------------------------------------------------
| Tool Version : Vivado v.2019.2 (win64) Build 2708876 Wed Nov  6 21:40:23 MST 2019
| Date         : Mon May 18 15:29:40 2020
| Host         : Peter-XPS running 64-bit major release  (build 9200)
| Command      : upgrade_ip
| Device       : xc7z020clg400-1
------------------------------------------------------------------------------------

Upgrade Log for IP 'main_conv_accel_0_0'

1. Summary
----------

SUCCESS in the upgrade of main_conv_accel_0_0 (user.org:user:conv_accel:1.0) from (Rev. 9) to (Rev. 10)






Copyright 1986-2019 Xilinx, Inc. All Rights Reserved.
------------------------------------------------------------------------------------
| Tool Version : Vivado v.2019.2 (win64) Build 2708876 Wed Nov  6 21:40:23 MST 2019
| Date         : Sun Apr 19 02:55:55 2020
| Host         : Peter-XPS running 64-bit major release  (build 9200)
| Command      : upgrade_ip
| Device       : xc7z020clg400-1
------------------------------------------------------------------------------------

Upgrade Log for IP 'main_conv_accel_0_0'

1. Summary
----------

SUCCESS in the upgrade of main_conv_accel_0_0 (user.org:user:conv_accel:1.0) from (Rev. 8) to (Rev. 9)






Copyright 1986-2019 Xilinx, Inc. All Rights Reserved.
------------------------------------------------------------------------------------
| Tool Version : Vivado v.2019.2 (win64) Build 2708876 Wed Nov  6 21:40:23 MST 2019
| Date         : Sun Apr 19 02:09:00 2020
| Host         : Peter-XPS running 64-bit major release  (build 9200)
| Command      : upgrade_ip
| Device       : xc7z020clg400-1
------------------------------------------------------------------------------------

Upgrade Log for IP 'main_conv_accel_0_0'

1. Summary
----------

SUCCESS in the upgrade of main_conv_accel_0_0 (user.org:user:conv_accel:1.0) from (Rev. 7) to (Rev. 8)






Copyright 1986-2019 Xilinx, Inc. All Rights Reserved.
------------------------------------------------------------------------------------
| Tool Version : Vivado v.2019.2 (win64) Build 2708876 Wed Nov  6 21:40:23 MST 2019
| Date         : Sun Apr 19 01:26:06 2020
| Host         : Peter-XPS running 64-bit major release  (build 9200)
| Command      : upgrade_ip
| Device       : xc7z020clg400-1
------------------------------------------------------------------------------------

Upgrade Log for IP 'main_conv_accel_0_0'

1. Summary
----------

SUCCESS in the upgrade of main_conv_accel_0_0 (user.org:user:conv_accel:1.0) from (Rev. 6) to (Rev. 7)






Copyright 1986-2019 Xilinx, Inc. All Rights Reserved.
------------------------------------------------------------------------------------
| Tool Version : Vivado v.2019.2 (win64) Build 2708876 Wed Nov  6 21:40:23 MST 2019
| Date         : Sun Apr 19 00:00:14 2020
| Host         : Peter-XPS running 64-bit major release  (build 9200)
| Command      : upgrade_ip
| Device       : xc7z020clg400-1
------------------------------------------------------------------------------------

Upgrade Log for IP 'main_conv_accel_0_0'

1. Summary
----------

SUCCESS in the upgrade of main_conv_accel_0_0 (user.org:user:conv_accel:1.0) from (Rev. 4) to (Rev. 6)






Copyright 1986-2019 Xilinx, Inc. All Rights Reserved.
------------------------------------------------------------------------------------
| Tool Version : Vivado v.2019.2 (win64) Build 2708876 Wed Nov  6 21:40:23 MST 2019
| Date         : Sat Apr 18 23:54:12 2020
| Host         : Peter-XPS running 64-bit major release  (build 9200)
| Command      : upgrade_ip
| Device       : xc7z020clg400-1
------------------------------------------------------------------------------------

Upgrade Log for IP 'main_conv_accel_0_0'

1. Summary
----------

SUCCESS in the conversion of main_conv_accel_0_0 (user.org:user:conv_accel:1.0 (Rev. 4)) to Vivado generation flows.

