#-----------------------------------------------------------
# Vivado v2019.2 (64-bit)
# SW Build 2708876 on Wed Nov  6 21:40:23 MST 2019
# IP Build 2700528 on Thu Nov  7 00:09:20 MST 2019
# Start of session at: Sat Apr 18 22:47:29 2020
# Process ID: 15324
# Current directory: C:/Users/Peter/Desktop/Projects/FPGA/pynq
# Command line: vivado.exe -gui_launcher_event rodinguilauncherevent13608 C:\Users\Peter\Desktop\Projects\FPGA\pynq\pynq.xpr
# Log file: C:/Users/Peter/Desktop/Projects/FPGA/pynq/vivado.log
# Journal file: C:/Users/Peter/Desktop/Projects/FPGA/pynq\vivado.jou
#-----------------------------------------------------------
start_gui
open_project C:/Users/Peter/Desktop/Projects/FPGA/pynq/pynq.xpr
Scanning sources...
Finished scanning sources
INFO: [IP_Flow 19-234] Refreshing IP repositories
INFO: [IP_Flow 19-1700] Loaded user IP repository 'c:/Users/Peter/Desktop/Projects/FPGA/ip_repo/conv_accel'.
INFO: [IP_Flow 19-2313] Loaded Vivado IP repository 'C:/Xilinx/Vivado/2019.2/data/ip'.
open_project: Time (s): cpu = 00:00:31 ; elapsed = 00:00:18 . Memory (MB): peak = 1015.945 ; gain = 382.883
exit
INFO: [Common 17-206] Exiting Vivado at Sat Apr 18 22:48:10 2020...
