Copyright 1986-2019 Xilinx, Inc. All Rights Reserved.
------------------------------------------------------------------------------------
| Tool Version : Vivado v.2019.2 (win64) Build 2708876 Wed Nov  6 21:40:23 MST 2019
| Date         : Sat May 23 21:25:59 2020
| Host         : Peter-XPS running 64-bit major release  (build 9200)
| Command      : upgrade_ip
| Device       : xc7z020clg400-1
------------------------------------------------------------------------------------

Upgrade Log for IP 'test_conv_accel_0_0'

1. Summary
----------

SUCCESS in the conversion of test_conv_accel_0_0 (peteryuen:fl:conv_accel:1.0 (Rev. 2)) to Vivado generation flows.






Copyright 1986-2019 Xilinx, Inc. All Rights Reserved.
------------------------------------------------------------------------------------
| Tool Version : Vivado v.2019.2 (win64) Build 2708876 Wed Nov  6 21:40:23 MST 2019
| Date         : Sat May 23 21:17:06 2020
| Host         : Peter-XPS running 64-bit major release  (build 9200)
| Command      : upgrade_ip
| Device       : xc7z020clg400-1
------------------------------------------------------------------------------------

Upgrade Log for IP 'test_conv_accel_0_0'

1. Summary
----------

SUCCESS in the conversion of test_conv_accel_0_0 (peteryuen:fl:conv_accel:1.0 (Rev. 2)) to Vivado generation flows.






Copyright 1986-2019 Xilinx, Inc. All Rights Reserved.
------------------------------------------------------------------------------------
| Tool Version : Vivado v.2019.2 (win64) Build 2708876 Wed Nov  6 21:40:23 MST 2019
| Date         : Sat May 23 21:12:02 2020
| Host         : Peter-XPS running 64-bit major release  (build 9200)
| Command      : upgrade_ip
| Device       : xc7z020clg400-1
------------------------------------------------------------------------------------

Upgrade Log for IP 'test_conv_accel_0_0'

1. Summary
----------

SUCCESS in the conversion of test_conv_accel_0_0 (peteryuen:fl:conv_accel:1.0 (Rev. 2)) to Vivado generation flows.






Copyright 1986-2019 Xilinx, Inc. All Rights Reserved.
------------------------------------------------------------------------------------
| Tool Version : Vivado v.2019.2 (win64) Build 2708876 Wed Nov  6 21:40:23 MST 2019
| Date         : Sat May 23 21:08:42 2020
| Host         : Peter-XPS running 64-bit major release  (build 9200)
| Command      : upgrade_ip
| Device       : xc7z020clg400-1
------------------------------------------------------------------------------------

Upgrade Log for IP 'test_conv_accel_0_0'

1. Summary
----------

SUCCESS in the conversion of test_conv_accel_0_0 (peteryuen:fl:conv_accel:1.0 (Rev. 2)) to Vivado generation flows.






Copyright 1986-2019 Xilinx, Inc. All Rights Reserved.
------------------------------------------------------------------------------------
| Tool Version : Vivado v.2019.2 (win64) Build 2708876 Wed Nov  6 21:40:23 MST 2019
| Date         : Sat May 23 21:07:02 2020
| Host         : Peter-XPS running 64-bit major release  (build 9200)
| Command      : upgrade_ip
| Device       : xc7z020clg400-1
------------------------------------------------------------------------------------

Upgrade Log for IP 'test_conv_accel_0_0'

1. Summary
----------

SUCCESS in the conversion of test_conv_accel_0_0 (peteryuen:fl:conv_accel:1.0 (Rev. 2)) to Vivado generation flows.






Copyright 1986-2019 Xilinx, Inc. All Rights Reserved.
------------------------------------------------------------------------------------
| Tool Version : Vivado v.2019.2 (win64) Build 2708876 Wed Nov  6 21:40:23 MST 2019
| Date         : Sat May 23 20:00:56 2020
| Host         : Peter-XPS running 64-bit major release  (build 9200)
| Command      : upgrade_ip
| Device       : xc7z020clg400-1
------------------------------------------------------------------------------------

Upgrade Log for IP 'test_conv_accel_0_0'

1. Summary
----------

SUCCESS in the conversion of test_conv_accel_0_0 (peteryuen:fl:conv_accel:1.0 (Rev. 2)) to Vivado generation flows.






Copyright 1986-2019 Xilinx, Inc. All Rights Reserved.
------------------------------------------------------------------------------------
| Tool Version : Vivado v.2019.2 (win64) Build 2708876 Wed Nov  6 21:40:23 MST 2019
| Date         : Sat May 23 13:13:31 2020
| Host         : Peter-XPS running 64-bit major release  (build 9200)
| Command      : upgrade_ip
| Device       : xc7z020clg400-1
------------------------------------------------------------------------------------

Upgrade Log for IP 'test_conv_accel_0_0'

1. Summary
----------

SUCCESS in the conversion of test_conv_accel_0_0 (peteryuen:fl:conv_accel:1.0 (Rev. 2)) to Vivado generation flows.






Copyright 1986-2019 Xilinx, Inc. All Rights Reserved.
------------------------------------------------------------------------------------
| Tool Version : Vivado v.2019.2 (win64) Build 2708876 Wed Nov  6 21:40:23 MST 2019
| Date         : Sat May 23 13:05:55 2020
| Host         : Peter-XPS running 64-bit major release  (build 9200)
| Command      : upgrade_ip
| Device       : xc7z020clg400-1
------------------------------------------------------------------------------------

Upgrade Log for IP 'test_conv_accel_0_0'

1. Summary
----------

SUCCESS in the conversion of test_conv_accel_0_0 (peteryuen:fl:conv_accel:1.0 (Rev. 2)) to Vivado generation flows.

