Copyright 1986-2020 Xilinx, Inc. All Rights Reserved.
------------------------------------------------------------------------------------
| Tool Version : Vivado v.2020.1 (win64) Build 2902540 Wed May 27 19:54:49 MDT 2020
| Date         : Fri Jul 10 21:47:06 2020
| Host         : DESKTOP-BU03M0S running 64-bit major release  (build 9200)
| Command      : upgrade_ip
| Device       : xc7z020clg400-1
------------------------------------------------------------------------------------

Upgrade Log for IP 'mult'

1. Summary
----------

SUCCESS in the upgrade of mult (xilinx.com:ip:floating_point:7.1) from (Rev. 9) to (Rev. 10)






Copyright 1986-2020 Xilinx, Inc. All Rights Reserved.
------------------------------------------------------------------------------------
| Tool Version : Vivado v.2020.1 (win64) Build 2902540 Wed May 27 19:54:49 MDT 2020
| Date         : Fri Jul 10 21:47:02 2020
| Host         : DESKTOP-BU03M0S running 64-bit major release  (build 9200)
| Command      : upgrade_ip
| Device       : xc7z020clg400-1
------------------------------------------------------------------------------------

Upgrade Log for IP 'axis_vip_slv'

1. Summary
----------

SUCCESS in the upgrade of axis_vip_slv (xilinx.com:ip:axi4stream_vip:1.1) from (Rev. 6) to (Rev. 7)






Copyright 1986-2020 Xilinx, Inc. All Rights Reserved.
------------------------------------------------------------------------------------
| Tool Version : Vivado v.2020.1 (win64) Build 2902540 Wed May 27 19:54:49 MDT 2020
| Date         : Fri Jul 10 21:47:01 2020
| Host         : DESKTOP-BU03M0S running 64-bit major release  (build 9200)
| Command      : upgrade_ip
| Device       : xc7z020clg400-1
------------------------------------------------------------------------------------

Upgrade Log for IP 'axis_vip_mst'

1. Summary
----------

SUCCESS in the upgrade of axis_vip_mst (xilinx.com:ip:axi4stream_vip:1.1) from (Rev. 6) to (Rev. 7)

