#-----------------------------------------------------------
# Vivado v2020.1 (64-bit)
# SW Build 2902540 on Wed May 27 19:54:49 MDT 2020
# IP Build 2902112 on Wed May 27 22:43:36 MDT 2020
# Start of session at: Sun Jul 12 14:40:52 2020
# Process ID: 14964
# Current directory: C:/Users/peter/Desktop/Projects/FPGA/fl_accel/vivado/conv_accel
# Command line: vivado.exe -gui_launcher_event rodinguilauncherevent13792 C:\Users\peter\Desktop\Projects\FPGA\fl_accel\vivado\conv_accel\conv_accel.xpr
# Log file: C:/Users/peter/Desktop/Projects/FPGA/fl_accel/vivado/conv_accel/vivado.log
# Journal file: C:/Users/peter/Desktop/Projects/FPGA/fl_accel/vivado/conv_accel\vivado.jou
#-----------------------------------------------------------
start_gui
open_project C:/Users/peter/Desktop/Projects/FPGA/fl_accel/vivado/conv_accel/conv_accel.xpr
INFO: [Project 1-313] Project file moved from 'C:/Users/peter/Desktop/Projects/FPGA/vivado/conv_accel' since last save.
Scanning sources...
Finished scanning sources
WARNING: [filemgmt 56-2] Board Part Repository Path: Could not find the directory 'C:/Users/peter/Desktop/AppData/Roaming/Xilinx/Vivado/2019.1/xhub/board_store', nor could it be found using path 'C:/Users/peter/AppData/Roaming/Xilinx/Vivado/2019.1/xhub/board_store'.
INFO: [IP_Flow 19-234] Refreshing IP repositories
INFO: [IP_Flow 19-1704] No user IP repositories specified
INFO: [IP_Flow 19-2313] Loaded Vivado IP repository 'C:/Xilinx/Vivado/2020.1/data/ip'.
update_compile_order -fileset sources_1
